<?xml version="1.0" encoding="UTF-8"?>
<testng-results skipped="0" failed="9" total="9" passed="0">
  <reporter-output>
    <line>
      <![CDATA[File path: C:\Users\E6430\Desktop\GitHub\test_framework\testfrog\src\test\screenshots\09-20-2017_17-26-checkEnablingOfGetMyOptionsButton.png]]>
    </line>
    <line>
      <![CDATA[<a href="C:\Users\E6430\Desktop\GitHub\test_framework\testfrog\src\test\screenshots\09-20-2017_17-26-checkEnablingOfGetMyOptionsButton.png"><img src="file:///C:\Users\E6430\Desktop\GitHub\test_framework\testfrog\src\test\screenshots\09-20-2017_17-26-checkEnablingOfGetMyOptionsButton.png" alt=""height='500' width='500'/> <br />]]>
    </line>
    <line>
      <![CDATA[checkEnablingOfGetMyOptionsButton-- Test method failed
]]>
    </line>
    <line>
      <![CDATA[File path: C:\Users\E6430\Desktop\GitHub\test_framework\testfrog\src\test\screenshots\09-20-2017_17-27-validateGraphLegends.png]]>
    </line>
    <line>
      <![CDATA[<a href="C:\Users\E6430\Desktop\GitHub\test_framework\testfrog\src\test\screenshots\09-20-2017_17-27-validateGraphLegends.png"><img src="file:///C:\Users\E6430\Desktop\GitHub\test_framework\testfrog\src\test\screenshots\09-20-2017_17-27-validateGraphLegends.png" alt=""height='500' width='500'/> <br />]]>
    </line>
    <line>
      <![CDATA[validateGraphLegends-- Test method failed
]]>
    </line>
    <line>
      <![CDATA[File path: C:\Users\E6430\Desktop\GitHub\test_framework\testfrog\src\test\screenshots\09-20-2017_17-28-validateOptionsForPurchase.png]]>
    </line>
    <line>
      <![CDATA[<a href="C:\Users\E6430\Desktop\GitHub\test_framework\testfrog\src\test\screenshots\09-20-2017_17-28-validateOptionsForPurchase.png"><img src="file:///C:\Users\E6430\Desktop\GitHub\test_framework\testfrog\src\test\screenshots\09-20-2017_17-28-validateOptionsForPurchase.png" alt=""height='500' width='500'/> <br />]]>
    </line>
    <line>
      <![CDATA[validateOptionsForPurchase-- Test method failed
]]>
    </line>
    <line>
      <![CDATA[File path: C:\Users\E6430\Desktop\GitHub\test_framework\testfrog\src\test\screenshots\09-20-2017_17-28-validateOptionsForRefinance.png]]>
    </line>
    <line>
      <![CDATA[<a href="C:\Users\E6430\Desktop\GitHub\test_framework\testfrog\src\test\screenshots\09-20-2017_17-28-validateOptionsForRefinance.png"><img src="file:///C:\Users\E6430\Desktop\GitHub\test_framework\testfrog\src\test\screenshots\09-20-2017_17-28-validateOptionsForRefinance.png" alt=""height='500' width='500'/> <br />]]>
    </line>
    <line>
      <![CDATA[validateOptionsForRefinance-- Test method failed
]]>
    </line>
    <line>
      <![CDATA[File path: C:\Users\E6430\Desktop\GitHub\test_framework\testfrog\src\test\screenshots\09-20-2017_17-29-validateOptionsForRefinanceCashout.png]]>
    </line>
    <line>
      <![CDATA[<a href="C:\Users\E6430\Desktop\GitHub\test_framework\testfrog\src\test\screenshots\09-20-2017_17-29-validateOptionsForRefinanceCashout.png"><img src="file:///C:\Users\E6430\Desktop\GitHub\test_framework\testfrog\src\test\screenshots\09-20-2017_17-29-validateOptionsForRefinanceCashout.png" alt=""height='500' width='500'/> <br />]]>
    </line>
    <line>
      <![CDATA[validateOptionsForRefinanceCashout-- Test method failed
]]>
    </line>
    <line>
      <![CDATA[File path: C:\Users\E6430\Desktop\GitHub\test_framework\testfrog\src\test\screenshots\09-20-2017_17-30-validateOtherOptimizations.png]]>
    </line>
    <line>
      <![CDATA[<a href="C:\Users\E6430\Desktop\GitHub\test_framework\testfrog\src\test\screenshots\09-20-2017_17-30-validateOtherOptimizations.png"><img src="file:///C:\Users\E6430\Desktop\GitHub\test_framework\testfrog\src\test\screenshots\09-20-2017_17-30-validateOtherOptimizations.png" alt=""height='500' width='500'/> <br />]]>
    </line>
    <line>
      <![CDATA[validateOtherOptimizations-- Test method failed
]]>
    </line>
    <line>
      <![CDATA[File path: C:\Users\E6430\Desktop\GitHub\test_framework\testfrog\src\test\screenshots\09-20-2017_17-31-validateZipCodeError.png]]>
    </line>
    <line>
      <![CDATA[<a href="C:\Users\E6430\Desktop\GitHub\test_framework\testfrog\src\test\screenshots\09-20-2017_17-31-validateZipCodeError.png"><img src="file:///C:\Users\E6430\Desktop\GitHub\test_framework\testfrog\src\test\screenshots\09-20-2017_17-31-validateZipCodeError.png" alt=""height='500' width='500'/> <br />]]>
    </line>
    <line>
      <![CDATA[validateZipCodeError-- Test method failed
]]>
    </line>
    <line>
      <![CDATA[File path: C:\Users\E6430\Desktop\GitHub\test_framework\testfrog\src\test\screenshots\09-20-2017_17-32-validateZipCodeLookUp.png]]>
    </line>
    <line>
      <![CDATA[<a href="C:\Users\E6430\Desktop\GitHub\test_framework\testfrog\src\test\screenshots\09-20-2017_17-32-validateZipCodeLookUp.png"><img src="file:///C:\Users\E6430\Desktop\GitHub\test_framework\testfrog\src\test\screenshots\09-20-2017_17-32-validateZipCodeLookUp.png" alt=""height='500' width='500'/> <br />]]>
    </line>
    <line>
      <![CDATA[validateZipCodeLookUp-- Test method failed
]]>
    </line>
    <line>
      <![CDATA[File path: C:\Users\E6430\Desktop\GitHub\test_framework\testfrog\src\test\screenshots\09-20-2017_17-32-validatingLeadForm.png]]>
    </line>
    <line>
      <![CDATA[<a href="C:\Users\E6430\Desktop\GitHub\test_framework\testfrog\src\test\screenshots\09-20-2017_17-32-validatingLeadForm.png"><img src="file:///C:\Users\E6430\Desktop\GitHub\test_framework\testfrog\src\test\screenshots\09-20-2017_17-32-validatingLeadForm.png" alt=""height='500' width='500'/> <br />]]>
    </line>
    <line>
      <![CDATA[validatingLeadForm-- Test method failed
]]>
    </line>
  </reporter-output>
  <suite name="Suite" duration-ms="14221" started-at="2017-09-20T12:18:19Z" finished-at="2017-09-20T12:18:33Z">
    <groups>
    </groups>
    <test name="Test" duration-ms="14221" started-at="2017-09-20T12:18:19Z" finished-at="2017-09-20T12:18:33Z">
      <class name="com.infrrd.roostify.testcase.HomePageTestCase">
        <test-method status="FAIL" signature="checkEnablingOfGetMyOptionsButton()[pri:0, instance:com.infrrd.roostify.testcase.HomePageTestCase@dc24521]" name="checkEnablingOfGetMyOptionsButton" duration-ms="4361" started-at="2017-09-20T17:48:21Z" description="Validating Get My Options is not enabled if madatory data is not filled" finished-at="2017-09-20T17:48:26Z">
          <exception class="java.lang.NoSuchMethodError">
            <message>
              <![CDATA[org.openqa.selenium.support.ui.WebDriverWait.until(Ljava/util/function/Function;)Ljava/lang/Object;]]>
            </message>
            <full-stacktrace>
              <![CDATA[java.lang.NoSuchMethodError: org.openqa.selenium.support.ui.WebDriverWait.until(Ljava/util/function/Function;)Ljava/lang/Object;
	at com.kroakyhub.testfrog.customlistener.CustomWebDriverEventListner.beforeFindBy(CustomWebDriverEventListner.java:93)
	at sun.reflect.NativeMethodAccessorImpl.invoke0(Native Method)
	at sun.reflect.NativeMethodAccessorImpl.invoke(Unknown Source)
	at sun.reflect.DelegatingMethodAccessorImpl.invoke(Unknown Source)
	at java.lang.reflect.Method.invoke(Unknown Source)
	at org.openqa.selenium.support.events.EventFiringWebDriver$1.invoke(EventFiringWebDriver.java:80)
	at com.sun.proxy.$Proxy5.beforeFindBy(Unknown Source)
	at org.openqa.selenium.support.events.EventFiringWebDriver.findElement(EventFiringWebDriver.java:187)
	at org.openqa.selenium.support.pagefactory.DefaultElementLocator.findElement(DefaultElementLocator.java:69)
	at org.openqa.selenium.support.pagefactory.internal.LocatingElementHandler.invoke(LocatingElementHandler.java:38)
	at com.sun.proxy.$Proxy8.getTagName(Unknown Source)
	at org.openqa.selenium.support.ui.Select.<init>(Select.java:44)
	at com.infrrd.roostify.pagelibrary.HomePagePageLibrary.getMyOptionsEnablingCheck(HomePagePageLibrary.java:188)
	at com.infrrd.roostify.testcase.HomePageTestCase.checkEnablingOfGetMyOptionsButton(HomePageTestCase.java:70)
	at sun.reflect.NativeMethodAccessorImpl.invoke0(Native Method)
	at sun.reflect.NativeMethodAccessorImpl.invoke(Unknown Source)
	at sun.reflect.DelegatingMethodAccessorImpl.invoke(Unknown Source)
	at java.lang.reflect.Method.invoke(Unknown Source)
	at org.testng.internal.MethodInvocationHelper.invokeMethod(MethodInvocationHelper.java:80)
	at org.testng.internal.Invoker.invokeMethod(Invoker.java:714)
	at org.testng.internal.Invoker.invokeTestMethod(Invoker.java:901)
	at org.testng.internal.Invoker.invokeTestMethods(Invoker.java:1231)
	at org.testng.internal.TestMethodWorker.invokeTestMethods(TestMethodWorker.java:127)
	at org.testng.internal.TestMethodWorker.run(TestMethodWorker.java:111)
	at org.testng.TestRunner.privateRun(TestRunner.java:767)
	at org.testng.TestRunner.run(TestRunner.java:617)
	at org.testng.SuiteRunner.runTest(SuiteRunner.java:334)
	at org.testng.SuiteRunner.runSequentially(SuiteRunner.java:329)
	at org.testng.SuiteRunner.privateRun(SuiteRunner.java:291)
	at org.testng.SuiteRunner.run(SuiteRunner.java:240)
	at org.testng.SuiteRunnerWorker.runSuite(SuiteRunnerWorker.java:52)
	at org.testng.SuiteRunnerWorker.run(SuiteRunnerWorker.java:86)
	at org.testng.TestNG.runSuitesSequentially(TestNG.java:1198)
	at org.testng.TestNG.runSuitesLocally(TestNG.java:1123)
	at org.testng.TestNG.run(TestNG.java:1031)
	at org.testng.remote.AbstractRemoteTestNG.run(AbstractRemoteTestNG.java:132)
	at org.testng.remote.RemoteTestNG.initAndRun(RemoteTestNG.java:236)
	at org.testng.remote.RemoteTestNG.main(RemoteTestNG.java:81)
]]>
            </full-stacktrace>
          </exception> <!-- java.lang.NoSuchMethodError -->
          <reporter-output>
            <line>
              <![CDATA[File path: C:\Users\E6430\Desktop\GitHub\test_framework\testfrog\src\test\screenshots\09-20-2017_17-26-checkEnablingOfGetMyOptionsButton.png]]>
            </line>
            <line>
              <![CDATA[<a href="C:\Users\E6430\Desktop\GitHub\test_framework\testfrog\src\test\screenshots\09-20-2017_17-26-checkEnablingOfGetMyOptionsButton.png"><img src="file:///C:\Users\E6430\Desktop\GitHub\test_framework\testfrog\src\test\screenshots\09-20-2017_17-26-checkEnablingOfGetMyOptionsButton.png" alt=""height='500' width='500'/> <br />]]>
            </line>
            <line>
              <![CDATA[checkEnablingOfGetMyOptionsButton-- Test method failed
]]>
            </line>
          </reporter-output>
        </test-method> <!-- checkEnablingOfGetMyOptionsButton -->
        <test-method status="FAIL" signature="validateGraphLegends()[pri:0, instance:com.infrrd.roostify.testcase.HomePageTestCase@dc24521]" name="validateGraphLegends" duration-ms="526" started-at="2017-09-20T17:48:26Z" description="Validating graph legends" finished-at="2017-09-20T17:48:27Z">
          <exception class="java.lang.NoSuchMethodError">
            <message>
              <![CDATA[org.openqa.selenium.support.ui.WebDriverWait.until(Ljava/util/function/Function;)Ljava/lang/Object;]]>
            </message>
            <full-stacktrace>
              <![CDATA[java.lang.NoSuchMethodError: org.openqa.selenium.support.ui.WebDriverWait.until(Ljava/util/function/Function;)Ljava/lang/Object;
	at com.kroakyhub.testfrog.customlistener.CustomWebDriverEventListner.beforeFindBy(CustomWebDriverEventListner.java:93)
	at sun.reflect.NativeMethodAccessorImpl.invoke0(Native Method)
	at sun.reflect.NativeMethodAccessorImpl.invoke(Unknown Source)
	at sun.reflect.DelegatingMethodAccessorImpl.invoke(Unknown Source)
	at java.lang.reflect.Method.invoke(Unknown Source)
	at org.openqa.selenium.support.events.EventFiringWebDriver$1.invoke(EventFiringWebDriver.java:80)
	at com.sun.proxy.$Proxy5.beforeFindBy(Unknown Source)
	at org.openqa.selenium.support.events.EventFiringWebDriver.findElement(EventFiringWebDriver.java:187)
	at org.openqa.selenium.support.pagefactory.DefaultElementLocator.findElement(DefaultElementLocator.java:69)
	at org.openqa.selenium.support.pagefactory.internal.LocatingElementHandler.invoke(LocatingElementHandler.java:38)
	at com.sun.proxy.$Proxy8.getTagName(Unknown Source)
	at org.openqa.selenium.support.ui.Select.<init>(Select.java:44)
	at com.infrrd.roostify.pagelibrary.HomePagePageLibrary.verifyingGraphLegends(HomePagePageLibrary.java:102)
	at com.infrrd.roostify.testcase.HomePageTestCase.validateGraphLegends(HomePageTestCase.java:48)
	at sun.reflect.NativeMethodAccessorImpl.invoke0(Native Method)
	at sun.reflect.NativeMethodAccessorImpl.invoke(Unknown Source)
	at sun.reflect.DelegatingMethodAccessorImpl.invoke(Unknown Source)
	at java.lang.reflect.Method.invoke(Unknown Source)
	at org.testng.internal.MethodInvocationHelper.invokeMethod(MethodInvocationHelper.java:80)
	at org.testng.internal.Invoker.invokeMethod(Invoker.java:714)
	at org.testng.internal.Invoker.invokeTestMethod(Invoker.java:901)
	at org.testng.internal.Invoker.invokeTestMethods(Invoker.java:1231)
	at org.testng.internal.TestMethodWorker.invokeTestMethods(TestMethodWorker.java:127)
	at org.testng.internal.TestMethodWorker.run(TestMethodWorker.java:111)
	at org.testng.TestRunner.privateRun(TestRunner.java:767)
	at org.testng.TestRunner.run(TestRunner.java:617)
	at org.testng.SuiteRunner.runTest(SuiteRunner.java:334)
	at org.testng.SuiteRunner.runSequentially(SuiteRunner.java:329)
	at org.testng.SuiteRunner.privateRun(SuiteRunner.java:291)
	at org.testng.SuiteRunner.run(SuiteRunner.java:240)
	at org.testng.SuiteRunnerWorker.runSuite(SuiteRunnerWorker.java:52)
	at org.testng.SuiteRunnerWorker.run(SuiteRunnerWorker.java:86)
	at org.testng.TestNG.runSuitesSequentially(TestNG.java:1198)
	at org.testng.TestNG.runSuitesLocally(TestNG.java:1123)
	at org.testng.TestNG.run(TestNG.java:1031)
	at org.testng.remote.AbstractRemoteTestNG.run(AbstractRemoteTestNG.java:132)
	at org.testng.remote.RemoteTestNG.initAndRun(RemoteTestNG.java:236)
	at org.testng.remote.RemoteTestNG.main(RemoteTestNG.java:81)
]]>
            </full-stacktrace>
          </exception> <!-- java.lang.NoSuchMethodError -->
          <reporter-output>
            <line>
              <![CDATA[File path: C:\Users\E6430\Desktop\GitHub\test_framework\testfrog\src\test\screenshots\09-20-2017_17-27-validateGraphLegends.png]]>
            </line>
            <line>
              <![CDATA[<a href="C:\Users\E6430\Desktop\GitHub\test_framework\testfrog\src\test\screenshots\09-20-2017_17-27-validateGraphLegends.png"><img src="file:///C:\Users\E6430\Desktop\GitHub\test_framework\testfrog\src\test\screenshots\09-20-2017_17-27-validateGraphLegends.png" alt=""height='500' width='500'/> <br />]]>
            </line>
            <line>
              <![CDATA[validateGraphLegends-- Test method failed
]]>
            </line>
          </reporter-output>
        </test-method> <!-- validateGraphLegends -->
        <test-method status="FAIL" signature="validateOptionsForPurchase()[pri:0, instance:com.infrrd.roostify.testcase.HomePageTestCase@dc24521]" name="validateOptionsForPurchase" duration-ms="380" started-at="2017-09-20T17:48:27Z" description="Validating presence of relevant fields for purchase " finished-at="2017-09-20T17:48:28Z">
          <exception class="java.lang.NoSuchMethodError">
            <message>
              <![CDATA[org.openqa.selenium.support.ui.WebDriverWait.until(Ljava/util/function/Function;)Ljava/lang/Object;]]>
            </message>
            <full-stacktrace>
              <![CDATA[java.lang.NoSuchMethodError: org.openqa.selenium.support.ui.WebDriverWait.until(Ljava/util/function/Function;)Ljava/lang/Object;
	at com.kroakyhub.testfrog.customlistener.CustomWebDriverEventListner.beforeFindBy(CustomWebDriverEventListner.java:93)
	at sun.reflect.NativeMethodAccessorImpl.invoke0(Native Method)
	at sun.reflect.NativeMethodAccessorImpl.invoke(Unknown Source)
	at sun.reflect.DelegatingMethodAccessorImpl.invoke(Unknown Source)
	at java.lang.reflect.Method.invoke(Unknown Source)
	at org.openqa.selenium.support.events.EventFiringWebDriver$1.invoke(EventFiringWebDriver.java:80)
	at com.sun.proxy.$Proxy5.beforeFindBy(Unknown Source)
	at org.openqa.selenium.support.events.EventFiringWebDriver.findElement(EventFiringWebDriver.java:187)
	at org.openqa.selenium.support.pagefactory.DefaultElementLocator.findElement(DefaultElementLocator.java:69)
	at org.openqa.selenium.support.pagefactory.internal.LocatingElementHandler.invoke(LocatingElementHandler.java:38)
	at com.sun.proxy.$Proxy8.getTagName(Unknown Source)
	at org.openqa.selenium.support.ui.Select.<init>(Select.java:44)
	at com.infrrd.roostify.pagelibrary.HomePagePageLibrary.addUserInputForPurchase(HomePagePageLibrary.java:28)
	at com.infrrd.roostify.testcase.HomePageTestCase.validateOptionsForPurchase(HomePageTestCase.java:27)
	at sun.reflect.NativeMethodAccessorImpl.invoke0(Native Method)
	at sun.reflect.NativeMethodAccessorImpl.invoke(Unknown Source)
	at sun.reflect.DelegatingMethodAccessorImpl.invoke(Unknown Source)
	at java.lang.reflect.Method.invoke(Unknown Source)
	at org.testng.internal.MethodInvocationHelper.invokeMethod(MethodInvocationHelper.java:80)
	at org.testng.internal.Invoker.invokeMethod(Invoker.java:714)
	at org.testng.internal.Invoker.invokeTestMethod(Invoker.java:901)
	at org.testng.internal.Invoker.invokeTestMethods(Invoker.java:1231)
	at org.testng.internal.TestMethodWorker.invokeTestMethods(TestMethodWorker.java:127)
	at org.testng.internal.TestMethodWorker.run(TestMethodWorker.java:111)
	at org.testng.TestRunner.privateRun(TestRunner.java:767)
	at org.testng.TestRunner.run(TestRunner.java:617)
	at org.testng.SuiteRunner.runTest(SuiteRunner.java:334)
	at org.testng.SuiteRunner.runSequentially(SuiteRunner.java:329)
	at org.testng.SuiteRunner.privateRun(SuiteRunner.java:291)
	at org.testng.SuiteRunner.run(SuiteRunner.java:240)
	at org.testng.SuiteRunnerWorker.runSuite(SuiteRunnerWorker.java:52)
	at org.testng.SuiteRunnerWorker.run(SuiteRunnerWorker.java:86)
	at org.testng.TestNG.runSuitesSequentially(TestNG.java:1198)
	at org.testng.TestNG.runSuitesLocally(TestNG.java:1123)
	at org.testng.TestNG.run(TestNG.java:1031)
	at org.testng.remote.AbstractRemoteTestNG.run(AbstractRemoteTestNG.java:132)
	at org.testng.remote.RemoteTestNG.initAndRun(RemoteTestNG.java:236)
	at org.testng.remote.RemoteTestNG.main(RemoteTestNG.java:81)
]]>
            </full-stacktrace>
          </exception> <!-- java.lang.NoSuchMethodError -->
          <reporter-output>
            <line>
              <![CDATA[File path: C:\Users\E6430\Desktop\GitHub\test_framework\testfrog\src\test\screenshots\09-20-2017_17-28-validateOptionsForPurchase.png]]>
            </line>
            <line>
              <![CDATA[<a href="C:\Users\E6430\Desktop\GitHub\test_framework\testfrog\src\test\screenshots\09-20-2017_17-28-validateOptionsForPurchase.png"><img src="file:///C:\Users\E6430\Desktop\GitHub\test_framework\testfrog\src\test\screenshots\09-20-2017_17-28-validateOptionsForPurchase.png" alt=""height='500' width='500'/> <br />]]>
            </line>
            <line>
              <![CDATA[validateOptionsForPurchase-- Test method failed
]]>
            </line>
          </reporter-output>
        </test-method> <!-- validateOptionsForPurchase -->
        <test-method status="FAIL" signature="validateOptionsForRefinance()[pri:0, instance:com.infrrd.roostify.testcase.HomePageTestCase@dc24521]" name="validateOptionsForRefinance" duration-ms="398" started-at="2017-09-20T17:48:28Z" description="Validating presence of relevant fields for refinance " finished-at="2017-09-20T17:48:28Z">
          <exception class="java.lang.NoSuchMethodError">
            <message>
              <![CDATA[org.openqa.selenium.support.ui.WebDriverWait.until(Ljava/util/function/Function;)Ljava/lang/Object;]]>
            </message>
            <full-stacktrace>
              <![CDATA[java.lang.NoSuchMethodError: org.openqa.selenium.support.ui.WebDriverWait.until(Ljava/util/function/Function;)Ljava/lang/Object;
	at com.kroakyhub.testfrog.customlistener.CustomWebDriverEventListner.beforeFindBy(CustomWebDriverEventListner.java:93)
	at sun.reflect.NativeMethodAccessorImpl.invoke0(Native Method)
	at sun.reflect.NativeMethodAccessorImpl.invoke(Unknown Source)
	at sun.reflect.DelegatingMethodAccessorImpl.invoke(Unknown Source)
	at java.lang.reflect.Method.invoke(Unknown Source)
	at org.openqa.selenium.support.events.EventFiringWebDriver$1.invoke(EventFiringWebDriver.java:80)
	at com.sun.proxy.$Proxy5.beforeFindBy(Unknown Source)
	at org.openqa.selenium.support.events.EventFiringWebDriver.findElement(EventFiringWebDriver.java:187)
	at org.openqa.selenium.support.pagefactory.DefaultElementLocator.findElement(DefaultElementLocator.java:69)
	at org.openqa.selenium.support.pagefactory.internal.LocatingElementHandler.invoke(LocatingElementHandler.java:38)
	at com.sun.proxy.$Proxy8.getTagName(Unknown Source)
	at org.openqa.selenium.support.ui.Select.<init>(Select.java:44)
	at com.infrrd.roostify.pagelibrary.HomePagePageLibrary.addUserInputForRefinance(HomePagePageLibrary.java:54)
	at com.infrrd.roostify.testcase.HomePageTestCase.validateOptionsForRefinance(HomePageTestCase.java:34)
	at sun.reflect.NativeMethodAccessorImpl.invoke0(Native Method)
	at sun.reflect.NativeMethodAccessorImpl.invoke(Unknown Source)
	at sun.reflect.DelegatingMethodAccessorImpl.invoke(Unknown Source)
	at java.lang.reflect.Method.invoke(Unknown Source)
	at org.testng.internal.MethodInvocationHelper.invokeMethod(MethodInvocationHelper.java:80)
	at org.testng.internal.Invoker.invokeMethod(Invoker.java:714)
	at org.testng.internal.Invoker.invokeTestMethod(Invoker.java:901)
	at org.testng.internal.Invoker.invokeTestMethods(Invoker.java:1231)
	at org.testng.internal.TestMethodWorker.invokeTestMethods(TestMethodWorker.java:127)
	at org.testng.internal.TestMethodWorker.run(TestMethodWorker.java:111)
	at org.testng.TestRunner.privateRun(TestRunner.java:767)
	at org.testng.TestRunner.run(TestRunner.java:617)
	at org.testng.SuiteRunner.runTest(SuiteRunner.java:334)
	at org.testng.SuiteRunner.runSequentially(SuiteRunner.java:329)
	at org.testng.SuiteRunner.privateRun(SuiteRunner.java:291)
	at org.testng.SuiteRunner.run(SuiteRunner.java:240)
	at org.testng.SuiteRunnerWorker.runSuite(SuiteRunnerWorker.java:52)
	at org.testng.SuiteRunnerWorker.run(SuiteRunnerWorker.java:86)
	at org.testng.TestNG.runSuitesSequentially(TestNG.java:1198)
	at org.testng.TestNG.runSuitesLocally(TestNG.java:1123)
	at org.testng.TestNG.run(TestNG.java:1031)
	at org.testng.remote.AbstractRemoteTestNG.run(AbstractRemoteTestNG.java:132)
	at org.testng.remote.RemoteTestNG.initAndRun(RemoteTestNG.java:236)
	at org.testng.remote.RemoteTestNG.main(RemoteTestNG.java:81)
]]>
            </full-stacktrace>
          </exception> <!-- java.lang.NoSuchMethodError -->
          <reporter-output>
            <line>
              <![CDATA[File path: C:\Users\E6430\Desktop\GitHub\test_framework\testfrog\src\test\screenshots\09-20-2017_17-28-validateOptionsForRefinance.png]]>
            </line>
            <line>
              <![CDATA[<a href="C:\Users\E6430\Desktop\GitHub\test_framework\testfrog\src\test\screenshots\09-20-2017_17-28-validateOptionsForRefinance.png"><img src="file:///C:\Users\E6430\Desktop\GitHub\test_framework\testfrog\src\test\screenshots\09-20-2017_17-28-validateOptionsForRefinance.png" alt=""height='500' width='500'/> <br />]]>
            </line>
            <line>
              <![CDATA[validateOptionsForRefinance-- Test method failed
]]>
            </line>
          </reporter-output>
        </test-method> <!-- validateOptionsForRefinance -->
        <test-method status="FAIL" signature="validateOptionsForRefinanceCashout()[pri:0, instance:com.infrrd.roostify.testcase.HomePageTestCase@dc24521]" name="validateOptionsForRefinanceCashout" duration-ms="349" started-at="2017-09-20T17:48:29Z" description="Validating presence of relevant fields for refinance cashout" finished-at="2017-09-20T17:48:29Z">
          <exception class="java.lang.NoSuchMethodError">
            <message>
              <![CDATA[org.openqa.selenium.support.ui.WebDriverWait.until(Ljava/util/function/Function;)Ljava/lang/Object;]]>
            </message>
            <full-stacktrace>
              <![CDATA[java.lang.NoSuchMethodError: org.openqa.selenium.support.ui.WebDriverWait.until(Ljava/util/function/Function;)Ljava/lang/Object;
	at com.kroakyhub.testfrog.customlistener.CustomWebDriverEventListner.beforeFindBy(CustomWebDriverEventListner.java:93)
	at sun.reflect.NativeMethodAccessorImpl.invoke0(Native Method)
	at sun.reflect.NativeMethodAccessorImpl.invoke(Unknown Source)
	at sun.reflect.DelegatingMethodAccessorImpl.invoke(Unknown Source)
	at java.lang.reflect.Method.invoke(Unknown Source)
	at org.openqa.selenium.support.events.EventFiringWebDriver$1.invoke(EventFiringWebDriver.java:80)
	at com.sun.proxy.$Proxy5.beforeFindBy(Unknown Source)
	at org.openqa.selenium.support.events.EventFiringWebDriver.findElement(EventFiringWebDriver.java:187)
	at org.openqa.selenium.support.pagefactory.DefaultElementLocator.findElement(DefaultElementLocator.java:69)
	at org.openqa.selenium.support.pagefactory.internal.LocatingElementHandler.invoke(LocatingElementHandler.java:38)
	at com.sun.proxy.$Proxy8.getTagName(Unknown Source)
	at org.openqa.selenium.support.ui.Select.<init>(Select.java:44)
	at com.infrrd.roostify.pagelibrary.HomePagePageLibrary.addUserInputForRefinanceCashOut(HomePagePageLibrary.java:75)
	at com.infrrd.roostify.testcase.HomePageTestCase.validateOptionsForRefinanceCashout(HomePageTestCase.java:41)
	at sun.reflect.NativeMethodAccessorImpl.invoke0(Native Method)
	at sun.reflect.NativeMethodAccessorImpl.invoke(Unknown Source)
	at sun.reflect.DelegatingMethodAccessorImpl.invoke(Unknown Source)
	at java.lang.reflect.Method.invoke(Unknown Source)
	at org.testng.internal.MethodInvocationHelper.invokeMethod(MethodInvocationHelper.java:80)
	at org.testng.internal.Invoker.invokeMethod(Invoker.java:714)
	at org.testng.internal.Invoker.invokeTestMethod(Invoker.java:901)
	at org.testng.internal.Invoker.invokeTestMethods(Invoker.java:1231)
	at org.testng.internal.TestMethodWorker.invokeTestMethods(TestMethodWorker.java:127)
	at org.testng.internal.TestMethodWorker.run(TestMethodWorker.java:111)
	at org.testng.TestRunner.privateRun(TestRunner.java:767)
	at org.testng.TestRunner.run(TestRunner.java:617)
	at org.testng.SuiteRunner.runTest(SuiteRunner.java:334)
	at org.testng.SuiteRunner.runSequentially(SuiteRunner.java:329)
	at org.testng.SuiteRunner.privateRun(SuiteRunner.java:291)
	at org.testng.SuiteRunner.run(SuiteRunner.java:240)
	at org.testng.SuiteRunnerWorker.runSuite(SuiteRunnerWorker.java:52)
	at org.testng.SuiteRunnerWorker.run(SuiteRunnerWorker.java:86)
	at org.testng.TestNG.runSuitesSequentially(TestNG.java:1198)
	at org.testng.TestNG.runSuitesLocally(TestNG.java:1123)
	at org.testng.TestNG.run(TestNG.java:1031)
	at org.testng.remote.AbstractRemoteTestNG.run(AbstractRemoteTestNG.java:132)
	at org.testng.remote.RemoteTestNG.initAndRun(RemoteTestNG.java:236)
	at org.testng.remote.RemoteTestNG.main(RemoteTestNG.java:81)
]]>
            </full-stacktrace>
          </exception> <!-- java.lang.NoSuchMethodError -->
          <reporter-output>
            <line>
              <![CDATA[File path: C:\Users\E6430\Desktop\GitHub\test_framework\testfrog\src\test\screenshots\09-20-2017_17-29-validateOptionsForRefinanceCashout.png]]>
            </line>
            <line>
              <![CDATA[<a href="C:\Users\E6430\Desktop\GitHub\test_framework\testfrog\src\test\screenshots\09-20-2017_17-29-validateOptionsForRefinanceCashout.png"><img src="file:///C:\Users\E6430\Desktop\GitHub\test_framework\testfrog\src\test\screenshots\09-20-2017_17-29-validateOptionsForRefinanceCashout.png" alt=""height='500' width='500'/> <br />]]>
            </line>
            <line>
              <![CDATA[validateOptionsForRefinanceCashout-- Test method failed
]]>
            </line>
          </reporter-output>
        </test-method> <!-- validateOptionsForRefinanceCashout -->
        <test-method status="FAIL" signature="validateOtherOptimizations()[pri:0, instance:com.infrrd.roostify.testcase.HomePageTestCase@dc24521]" name="validateOtherOptimizations" duration-ms="368" started-at="2017-09-20T17:48:30Z" description="Validating other optimizations section" finished-at="2017-09-20T17:48:30Z">
          <exception class="java.lang.NoSuchMethodError">
            <message>
              <![CDATA[org.openqa.selenium.support.ui.WebDriverWait.until(Ljava/util/function/Function;)Ljava/lang/Object;]]>
            </message>
            <full-stacktrace>
              <![CDATA[java.lang.NoSuchMethodError: org.openqa.selenium.support.ui.WebDriverWait.until(Ljava/util/function/Function;)Ljava/lang/Object;
	at com.kroakyhub.testfrog.customlistener.CustomWebDriverEventListner.beforeFindBy(CustomWebDriverEventListner.java:93)
	at sun.reflect.NativeMethodAccessorImpl.invoke0(Native Method)
	at sun.reflect.NativeMethodAccessorImpl.invoke(Unknown Source)
	at sun.reflect.DelegatingMethodAccessorImpl.invoke(Unknown Source)
	at java.lang.reflect.Method.invoke(Unknown Source)
	at org.openqa.selenium.support.events.EventFiringWebDriver$1.invoke(EventFiringWebDriver.java:80)
	at com.sun.proxy.$Proxy5.beforeFindBy(Unknown Source)
	at org.openqa.selenium.support.events.EventFiringWebDriver.findElement(EventFiringWebDriver.java:187)
	at org.openqa.selenium.support.pagefactory.DefaultElementLocator.findElement(DefaultElementLocator.java:69)
	at org.openqa.selenium.support.pagefactory.internal.LocatingElementHandler.invoke(LocatingElementHandler.java:38)
	at com.sun.proxy.$Proxy8.getTagName(Unknown Source)
	at org.openqa.selenium.support.ui.Select.<init>(Select.java:44)
	at com.infrrd.roostify.pagelibrary.HomePagePageLibrary.validateOtherOptimizationsAndOptions(HomePagePageLibrary.java:133)
	at com.infrrd.roostify.testcase.HomePageTestCase.validateOtherOptimizations(HomePageTestCase.java:56)
	at sun.reflect.NativeMethodAccessorImpl.invoke0(Native Method)
	at sun.reflect.NativeMethodAccessorImpl.invoke(Unknown Source)
	at sun.reflect.DelegatingMethodAccessorImpl.invoke(Unknown Source)
	at java.lang.reflect.Method.invoke(Unknown Source)
	at org.testng.internal.MethodInvocationHelper.invokeMethod(MethodInvocationHelper.java:80)
	at org.testng.internal.Invoker.invokeMethod(Invoker.java:714)
	at org.testng.internal.Invoker.invokeTestMethod(Invoker.java:901)
	at org.testng.internal.Invoker.invokeTestMethods(Invoker.java:1231)
	at org.testng.internal.TestMethodWorker.invokeTestMethods(TestMethodWorker.java:127)
	at org.testng.internal.TestMethodWorker.run(TestMethodWorker.java:111)
	at org.testng.TestRunner.privateRun(TestRunner.java:767)
	at org.testng.TestRunner.run(TestRunner.java:617)
	at org.testng.SuiteRunner.runTest(SuiteRunner.java:334)
	at org.testng.SuiteRunner.runSequentially(SuiteRunner.java:329)
	at org.testng.SuiteRunner.privateRun(SuiteRunner.java:291)
	at org.testng.SuiteRunner.run(SuiteRunner.java:240)
	at org.testng.SuiteRunnerWorker.runSuite(SuiteRunnerWorker.java:52)
	at org.testng.SuiteRunnerWorker.run(SuiteRunnerWorker.java:86)
	at org.testng.TestNG.runSuitesSequentially(TestNG.java:1198)
	at org.testng.TestNG.runSuitesLocally(TestNG.java:1123)
	at org.testng.TestNG.run(TestNG.java:1031)
	at org.testng.remote.AbstractRemoteTestNG.run(AbstractRemoteTestNG.java:132)
	at org.testng.remote.RemoteTestNG.initAndRun(RemoteTestNG.java:236)
	at org.testng.remote.RemoteTestNG.main(RemoteTestNG.java:81)
]]>
            </full-stacktrace>
          </exception> <!-- java.lang.NoSuchMethodError -->
          <reporter-output>
            <line>
              <![CDATA[File path: C:\Users\E6430\Desktop\GitHub\test_framework\testfrog\src\test\screenshots\09-20-2017_17-30-validateOtherOptimizations.png]]>
            </line>
            <line>
              <![CDATA[<a href="C:\Users\E6430\Desktop\GitHub\test_framework\testfrog\src\test\screenshots\09-20-2017_17-30-validateOtherOptimizations.png"><img src="file:///C:\Users\E6430\Desktop\GitHub\test_framework\testfrog\src\test\screenshots\09-20-2017_17-30-validateOtherOptimizations.png" alt=""height='500' width='500'/> <br />]]>
            </line>
            <line>
              <![CDATA[validateOtherOptimizations-- Test method failed
]]>
            </line>
          </reporter-output>
        </test-method> <!-- validateOtherOptimizations -->
        <test-method status="FAIL" signature="validateZipCodeError()[pri:0, instance:com.infrrd.roostify.testcase.HomePageTestCase@dc24521]" name="validateZipCodeError" duration-ms="349" started-at="2017-09-20T17:48:30Z" description="Validating Zip code error block" finished-at="2017-09-20T17:48:31Z">
          <exception class="java.lang.NoSuchMethodError">
            <message>
              <![CDATA[org.openqa.selenium.support.ui.WebDriverWait.until(Ljava/util/function/Function;)Ljava/lang/Object;]]>
            </message>
            <full-stacktrace>
              <![CDATA[java.lang.NoSuchMethodError: org.openqa.selenium.support.ui.WebDriverWait.until(Ljava/util/function/Function;)Ljava/lang/Object;
	at com.kroakyhub.testfrog.customlistener.CustomWebDriverEventListner.beforeFindBy(CustomWebDriverEventListner.java:93)
	at sun.reflect.NativeMethodAccessorImpl.invoke0(Native Method)
	at sun.reflect.NativeMethodAccessorImpl.invoke(Unknown Source)
	at sun.reflect.DelegatingMethodAccessorImpl.invoke(Unknown Source)
	at java.lang.reflect.Method.invoke(Unknown Source)
	at org.openqa.selenium.support.events.EventFiringWebDriver$1.invoke(EventFiringWebDriver.java:80)
	at com.sun.proxy.$Proxy5.beforeFindBy(Unknown Source)
	at org.openqa.selenium.support.events.EventFiringWebDriver.findElement(EventFiringWebDriver.java:187)
	at org.openqa.selenium.support.pagefactory.DefaultElementLocator.findElement(DefaultElementLocator.java:69)
	at org.openqa.selenium.support.pagefactory.internal.LocatingElementHandler.invoke(LocatingElementHandler.java:38)
	at com.sun.proxy.$Proxy8.sendKeys(Unknown Source)
	at com.infrrd.roostify.pagelibrary.HomePagePageLibrary.validateZipCodeLookupError(HomePagePageLibrary.java:206)
	at com.infrrd.roostify.testcase.HomePageTestCase.validateZipCodeError(HomePageTestCase.java:77)
	at sun.reflect.NativeMethodAccessorImpl.invoke0(Native Method)
	at sun.reflect.NativeMethodAccessorImpl.invoke(Unknown Source)
	at sun.reflect.DelegatingMethodAccessorImpl.invoke(Unknown Source)
	at java.lang.reflect.Method.invoke(Unknown Source)
	at org.testng.internal.MethodInvocationHelper.invokeMethod(MethodInvocationHelper.java:80)
	at org.testng.internal.Invoker.invokeMethod(Invoker.java:714)
	at org.testng.internal.Invoker.invokeTestMethod(Invoker.java:901)
	at org.testng.internal.Invoker.invokeTestMethods(Invoker.java:1231)
	at org.testng.internal.TestMethodWorker.invokeTestMethods(TestMethodWorker.java:127)
	at org.testng.internal.TestMethodWorker.run(TestMethodWorker.java:111)
	at org.testng.TestRunner.privateRun(TestRunner.java:767)
	at org.testng.TestRunner.run(TestRunner.java:617)
	at org.testng.SuiteRunner.runTest(SuiteRunner.java:334)
	at org.testng.SuiteRunner.runSequentially(SuiteRunner.java:329)
	at org.testng.SuiteRunner.privateRun(SuiteRunner.java:291)
	at org.testng.SuiteRunner.run(SuiteRunner.java:240)
	at org.testng.SuiteRunnerWorker.runSuite(SuiteRunnerWorker.java:52)
	at org.testng.SuiteRunnerWorker.run(SuiteRunnerWorker.java:86)
	at org.testng.TestNG.runSuitesSequentially(TestNG.java:1198)
	at org.testng.TestNG.runSuitesLocally(TestNG.java:1123)
	at org.testng.TestNG.run(TestNG.java:1031)
	at org.testng.remote.AbstractRemoteTestNG.run(AbstractRemoteTestNG.java:132)
	at org.testng.remote.RemoteTestNG.initAndRun(RemoteTestNG.java:236)
	at org.testng.remote.RemoteTestNG.main(RemoteTestNG.java:81)
]]>
            </full-stacktrace>
          </exception> <!-- java.lang.NoSuchMethodError -->
          <reporter-output>
            <line>
              <![CDATA[File path: C:\Users\E6430\Desktop\GitHub\test_framework\testfrog\src\test\screenshots\09-20-2017_17-31-validateZipCodeError.png]]>
            </line>
            <line>
              <![CDATA[<a href="C:\Users\E6430\Desktop\GitHub\test_framework\testfrog\src\test\screenshots\09-20-2017_17-31-validateZipCodeError.png"><img src="file:///C:\Users\E6430\Desktop\GitHub\test_framework\testfrog\src\test\screenshots\09-20-2017_17-31-validateZipCodeError.png" alt=""height='500' width='500'/> <br />]]>
            </line>
            <line>
              <![CDATA[validateZipCodeError-- Test method failed
]]>
            </line>
          </reporter-output>
        </test-method> <!-- validateZipCodeError -->
        <test-method status="FAIL" signature="validateZipCodeLookUp()[pri:0, instance:com.infrrd.roostify.testcase.HomePageTestCase@dc24521]" name="validateZipCodeLookUp" duration-ms="422" started-at="2017-09-20T17:48:31Z" description="Validate zip code look up container" finished-at="2017-09-20T17:48:32Z">
          <exception class="java.lang.NoSuchMethodError">
            <message>
              <![CDATA[org.openqa.selenium.support.ui.WebDriverWait.until(Ljava/util/function/Function;)Ljava/lang/Object;]]>
            </message>
            <full-stacktrace>
              <![CDATA[java.lang.NoSuchMethodError: org.openqa.selenium.support.ui.WebDriverWait.until(Ljava/util/function/Function;)Ljava/lang/Object;
	at com.kroakyhub.testfrog.customlistener.CustomWebDriverEventListner.beforeFindBy(CustomWebDriverEventListner.java:93)
	at sun.reflect.NativeMethodAccessorImpl.invoke0(Native Method)
	at sun.reflect.NativeMethodAccessorImpl.invoke(Unknown Source)
	at sun.reflect.DelegatingMethodAccessorImpl.invoke(Unknown Source)
	at java.lang.reflect.Method.invoke(Unknown Source)
	at org.openqa.selenium.support.events.EventFiringWebDriver$1.invoke(EventFiringWebDriver.java:80)
	at com.sun.proxy.$Proxy5.beforeFindBy(Unknown Source)
	at org.openqa.selenium.support.events.EventFiringWebDriver.findElement(EventFiringWebDriver.java:187)
	at org.openqa.selenium.support.pagefactory.DefaultElementLocator.findElement(DefaultElementLocator.java:69)
	at org.openqa.selenium.support.pagefactory.internal.LocatingElementHandler.invoke(LocatingElementHandler.java:38)
	at com.sun.proxy.$Proxy8.sendKeys(Unknown Source)
	at com.infrrd.roostify.pagelibrary.HomePagePageLibrary.validateZipCodeLookUpContainer(HomePagePageLibrary.java:224)
	at com.infrrd.roostify.testcase.HomePageTestCase.validateZipCodeLookUp(HomePageTestCase.java:84)
	at sun.reflect.NativeMethodAccessorImpl.invoke0(Native Method)
	at sun.reflect.NativeMethodAccessorImpl.invoke(Unknown Source)
	at sun.reflect.DelegatingMethodAccessorImpl.invoke(Unknown Source)
	at java.lang.reflect.Method.invoke(Unknown Source)
	at org.testng.internal.MethodInvocationHelper.invokeMethod(MethodInvocationHelper.java:80)
	at org.testng.internal.Invoker.invokeMethod(Invoker.java:714)
	at org.testng.internal.Invoker.invokeTestMethod(Invoker.java:901)
	at org.testng.internal.Invoker.invokeTestMethods(Invoker.java:1231)
	at org.testng.internal.TestMethodWorker.invokeTestMethods(TestMethodWorker.java:127)
	at org.testng.internal.TestMethodWorker.run(TestMethodWorker.java:111)
	at org.testng.TestRunner.privateRun(TestRunner.java:767)
	at org.testng.TestRunner.run(TestRunner.java:617)
	at org.testng.SuiteRunner.runTest(SuiteRunner.java:334)
	at org.testng.SuiteRunner.runSequentially(SuiteRunner.java:329)
	at org.testng.SuiteRunner.privateRun(SuiteRunner.java:291)
	at org.testng.SuiteRunner.run(SuiteRunner.java:240)
	at org.testng.SuiteRunnerWorker.runSuite(SuiteRunnerWorker.java:52)
	at org.testng.SuiteRunnerWorker.run(SuiteRunnerWorker.java:86)
	at org.testng.TestNG.runSuitesSequentially(TestNG.java:1198)
	at org.testng.TestNG.runSuitesLocally(TestNG.java:1123)
	at org.testng.TestNG.run(TestNG.java:1031)
	at org.testng.remote.AbstractRemoteTestNG.run(AbstractRemoteTestNG.java:132)
	at org.testng.remote.RemoteTestNG.initAndRun(RemoteTestNG.java:236)
	at org.testng.remote.RemoteTestNG.main(RemoteTestNG.java:81)
]]>
            </full-stacktrace>
          </exception> <!-- java.lang.NoSuchMethodError -->
          <reporter-output>
            <line>
              <![CDATA[File path: C:\Users\E6430\Desktop\GitHub\test_framework\testfrog\src\test\screenshots\09-20-2017_17-32-validateZipCodeLookUp.png]]>
            </line>
            <line>
              <![CDATA[<a href="C:\Users\E6430\Desktop\GitHub\test_framework\testfrog\src\test\screenshots\09-20-2017_17-32-validateZipCodeLookUp.png"><img src="file:///C:\Users\E6430\Desktop\GitHub\test_framework\testfrog\src\test\screenshots\09-20-2017_17-32-validateZipCodeLookUp.png" alt=""height='500' width='500'/> <br />]]>
            </line>
            <line>
              <![CDATA[validateZipCodeLookUp-- Test method failed
]]>
            </line>
          </reporter-output>
        </test-method> <!-- validateZipCodeLookUp -->
        <test-method status="FAIL" signature="validatingLeadForm()[pri:0, instance:com.infrrd.roostify.testcase.HomePageTestCase@dc24521]" name="validatingLeadForm" duration-ms="407" started-at="2017-09-20T17:48:32Z" description="Validating Lead form upon clicking get this loan button " finished-at="2017-09-20T17:48:32Z">
          <exception class="java.lang.NoSuchMethodError">
            <message>
              <![CDATA[org.openqa.selenium.support.ui.WebDriverWait.until(Ljava/util/function/Function;)Ljava/lang/Object;]]>
            </message>
            <full-stacktrace>
              <![CDATA[java.lang.NoSuchMethodError: org.openqa.selenium.support.ui.WebDriverWait.until(Ljava/util/function/Function;)Ljava/lang/Object;
	at com.kroakyhub.testfrog.customlistener.CustomWebDriverEventListner.beforeFindBy(CustomWebDriverEventListner.java:93)
	at sun.reflect.NativeMethodAccessorImpl.invoke0(Native Method)
	at sun.reflect.NativeMethodAccessorImpl.invoke(Unknown Source)
	at sun.reflect.DelegatingMethodAccessorImpl.invoke(Unknown Source)
	at java.lang.reflect.Method.invoke(Unknown Source)
	at org.openqa.selenium.support.events.EventFiringWebDriver$1.invoke(EventFiringWebDriver.java:80)
	at com.sun.proxy.$Proxy5.beforeFindBy(Unknown Source)
	at org.openqa.selenium.support.events.EventFiringWebDriver.findElement(EventFiringWebDriver.java:187)
	at org.openqa.selenium.support.pagefactory.DefaultElementLocator.findElement(DefaultElementLocator.java:69)
	at org.openqa.selenium.support.pagefactory.internal.LocatingElementHandler.invoke(LocatingElementHandler.java:38)
	at com.sun.proxy.$Proxy8.getTagName(Unknown Source)
	at org.openqa.selenium.support.ui.Select.<init>(Select.java:44)
	at com.infrrd.roostify.pagelibrary.HomePagePageLibrary.validatingLeadFormDetailsContainer(HomePagePageLibrary.java:161)
	at com.infrrd.roostify.testcase.HomePageTestCase.validatingLeadForm(HomePageTestCase.java:63)
	at sun.reflect.NativeMethodAccessorImpl.invoke0(Native Method)
	at sun.reflect.NativeMethodAccessorImpl.invoke(Unknown Source)
	at sun.reflect.DelegatingMethodAccessorImpl.invoke(Unknown Source)
	at java.lang.reflect.Method.invoke(Unknown Source)
	at org.testng.internal.MethodInvocationHelper.invokeMethod(MethodInvocationHelper.java:80)
	at org.testng.internal.Invoker.invokeMethod(Invoker.java:714)
	at org.testng.internal.Invoker.invokeTestMethod(Invoker.java:901)
	at org.testng.internal.Invoker.invokeTestMethods(Invoker.java:1231)
	at org.testng.internal.TestMethodWorker.invokeTestMethods(TestMethodWorker.java:127)
	at org.testng.internal.TestMethodWorker.run(TestMethodWorker.java:111)
	at org.testng.TestRunner.privateRun(TestRunner.java:767)
	at org.testng.TestRunner.run(TestRunner.java:617)
	at org.testng.SuiteRunner.runTest(SuiteRunner.java:334)
	at org.testng.SuiteRunner.runSequentially(SuiteRunner.java:329)
	at org.testng.SuiteRunner.privateRun(SuiteRunner.java:291)
	at org.testng.SuiteRunner.run(SuiteRunner.java:240)
	at org.testng.SuiteRunnerWorker.runSuite(SuiteRunnerWorker.java:52)
	at org.testng.SuiteRunnerWorker.run(SuiteRunnerWorker.java:86)
	at org.testng.TestNG.runSuitesSequentially(TestNG.java:1198)
	at org.testng.TestNG.runSuitesLocally(TestNG.java:1123)
	at org.testng.TestNG.run(TestNG.java:1031)
	at org.testng.remote.AbstractRemoteTestNG.run(AbstractRemoteTestNG.java:132)
	at org.testng.remote.RemoteTestNG.initAndRun(RemoteTestNG.java:236)
	at org.testng.remote.RemoteTestNG.main(RemoteTestNG.java:81)
]]>
            </full-stacktrace>
          </exception> <!-- java.lang.NoSuchMethodError -->
          <reporter-output>
            <line>
              <![CDATA[File path: C:\Users\E6430\Desktop\GitHub\test_framework\testfrog\src\test\screenshots\09-20-2017_17-32-validatingLeadForm.png]]>
            </line>
            <line>
              <![CDATA[<a href="C:\Users\E6430\Desktop\GitHub\test_framework\testfrog\src\test\screenshots\09-20-2017_17-32-validatingLeadForm.png"><img src="file:///C:\Users\E6430\Desktop\GitHub\test_framework\testfrog\src\test\screenshots\09-20-2017_17-32-validatingLeadForm.png" alt=""height='500' width='500'/> <br />]]>
            </line>
            <line>
              <![CDATA[validatingLeadForm-- Test method failed
]]>
            </line>
          </reporter-output>
        </test-method> <!-- validatingLeadForm -->
        <test-method status="PASS" signature="clearResponse()[pri:0, instance:com.infrrd.roostify.testcase.HomePageTestCase@dc24521]" name="clearResponse" is-config="true" duration-ms="0" started-at="2017-09-20T17:48:33Z" finished-at="2017-09-20T17:48:33Z">
          <reporter-output>
          </reporter-output>
        </test-method> <!-- clearResponse -->
      </class> <!-- com.infrrd.roostify.testcase.HomePageTestCase -->
    </test> <!-- Test -->
  </suite> <!-- Suite -->
</testng-results>
